WARNING: A restricted method in java.lang.System has been called
WARNING: java.lang.System::load has been called by org.fusesource.jansi.internal.JansiLoader in an unnamed module (file:/C:/Program%20Files/Apache/apache-maven-3.9.5/lib/jansi-2.4.0.jar)
WARNING: Use --enable-native-access=ALL-UNNAMED to avoid a warning for callers in this module
WARNING: Restricted methods will be blocked in a future release unless native access is enabled

WARNING: A terminally deprecated method in sun.misc.Unsafe has been called
WARNING: sun.misc.Unsafe::objectFieldOffset has been called by com.google.common.util.concurrent.AbstractFuture$UnsafeAtomicHelper (file:/C:/Program%20Files/Apache/apache-maven-3.9.5/lib/guava-32.0.1-jre.jar)
WARNING: Please consider reporting this to the maintainers of class com.google.common.util.concurrent.AbstractFuture$UnsafeAtomicHelper
WARNING: sun.misc.Unsafe::objectFieldOffset will be removed in a future release
[INFO] Error stacktraces are turned on.
[INFO] Scanning for projects...
[INFO] 
[INFO] --------------< com.example:embabel-java-greeting-sample >--------------
[INFO] Building embabel-java-greeting-sample 0.0.1-SNAPSHOT
[INFO]   from pom.xml
[INFO] --------------------------------[ jar ]---------------------------------
[INFO] 
[INFO] --- resources:3.3.1:resources (default-resources) @ embabel-java-greeting-sample ---
[INFO] Copying 1 resource from src\main\resources to target\classes
[INFO] Copying 0 resource from src\main\resources to target\classes
[INFO] 
[INFO] --- compiler:3.11.0:compile (default-compile) @ embabel-java-greeting-sample ---
[INFO] Nothing to compile - all classes are up to date
[INFO] 
[INFO] --- resources:3.3.1:testResources (default-testResources) @ embabel-java-greeting-sample ---
[INFO] skip non existing resourceDirectory C:\Embable Luxoft LCE VERY IMPORTANT\embabel-java-greeting-sample\src\test\resources
[INFO] 
[INFO] --- compiler:3.11.0:testCompile (default-testCompile) @ embabel-java-greeting-sample ---
[INFO] No sources to compile
[INFO] 
[INFO] --- surefire:3.1.2:test (default-test) @ embabel-java-greeting-sample ---
[INFO] Tests are skipped.
[INFO] 
[INFO] --- jar:3.3.0:jar (default-jar) @ embabel-java-greeting-sample ---
[INFO] 
[INFO] --- spring-boot:3.2.5:repackage (repackage) @ embabel-java-greeting-sample ---
[INFO] Replacing main artifact C:\Embable Luxoft LCE VERY IMPORTANT\embabel-java-greeting-sample\target\embabel-java-greeting-sample-0.0.1-SNAPSHOT.jar with repackaged archive, adding nested dependencies in BOOT-INF/.
[INFO] The original artifact has been renamed to C:\Embable Luxoft LCE VERY IMPORTANT\embabel-java-greeting-sample\target\embabel-java-greeting-sample-0.0.1-SNAPSHOT.jar.original
[INFO] ------------------------------------------------------------------------
[INFO] BUILD SUCCESS
[INFO] ------------------------------------------------------------------------
[INFO] Total time:  5.977 s
[INFO] Finished at: 2025-11-11T19:43:22+01:00
[INFO] ------------------------------------------------------------------------
