WARNING: A restricted method in java.lang.System has been called
WARNING: java.lang.System::load has been called by org.fusesource.jansi.internal.JansiLoader in an unnamed module (file:/C:/Program%20Files/Apache/apache-maven-3.9.5/lib/jansi-2.4.0.jar)
WARNING: Use --enable-native-access=ALL-UNNAMED to avoid a warning for callers in this module
WARNING: Restricted methods will be blocked in a future release unless native access is enabled

WARNING: A terminally deprecated method in sun.misc.Unsafe has been called
WARNING: sun.misc.Unsafe::objectFieldOffset has been called by com.google.common.util.concurrent.AbstractFuture$UnsafeAtomicHelper (file:/C:/Program%20Files/Apache/apache-maven-3.9.5/lib/guava-32.0.1-jre.jar)
WARNING: Please consider reporting this to the maintainers of class com.google.common.util.concurrent.AbstractFuture$UnsafeAtomicHelper
WARNING: sun.misc.Unsafe::objectFieldOffset will be removed in a future release
[INFO] Scanning for projects...
[INFO] 
[INFO] --------------< com.example:embabel-java-greeting-sample >--------------
[INFO] Building embabel-java-greeting-sample 0.0.1-SNAPSHOT
[INFO]   from pom.xml
[INFO] --------------------------------[ jar ]---------------------------------
[INFO] 
[INFO] --- clean:3.3.2:clean (default-clean) @ embabel-java-greeting-sample ---
[INFO] Deleting C:\Embable Luxoft LCE VERY IMPORTANT\embabel-java-greeting-sample\target
[INFO] 
[INFO] --- resources:3.3.1:resources (default-resources) @ embabel-java-greeting-sample ---
[INFO] Copying 1 resource from src\main\resources to target\classes
[INFO] Copying 0 resource from src\main\resources to target\classes
[INFO] 
[INFO] --- compiler:3.13.0:compile (default-compile) @ embabel-java-greeting-sample ---
[INFO] Recompiling the module because of changed source code.
[INFO] Compiling 3 source files with javac [debug parameters release 17] to target\classes
[INFO] 
[INFO] --- resources:3.3.1:testResources (default-testResources) @ embabel-java-greeting-sample ---
[INFO] skip non existing resourceDirectory C:\Embable Luxoft LCE VERY IMPORTANT\embabel-java-greeting-sample\src\test\resources
[INFO] 
[INFO] --- compiler:3.13.0:testCompile (default-testCompile) @ embabel-java-greeting-sample ---
[INFO] No sources to compile
[INFO] 
[INFO] --- surefire:3.2.5:test (default-test) @ embabel-java-greeting-sample ---
[INFO] Tests are skipped.
[INFO] 
[INFO] --- jar:3.4.2:jar (default-jar) @ embabel-java-greeting-sample ---
[INFO] Building jar: C:\Embable Luxoft LCE VERY IMPORTANT\embabel-java-greeting-sample\target\embabel-java-greeting-sample-0.0.1-SNAPSHOT.jar
[INFO] 
[INFO] --- spring-boot:3.3.5:repackage (repackage) @ embabel-java-greeting-sample ---
Downloading from central: https://repo.maven.apache.org/maven2/org/springframework/boot/spring-boot-buildpack-platform/3.3.5/spring-boot-buildpack-platform-3.3.5.pom
Progress (1): 970 B
Progress (1): 2.7 kB
Progress (1): 3.2 kB
                    
Downloaded from central: https://repo.maven.apache.org/maven2/org/springframework/boot/spring-boot-buildpack-platform/3.3.5/spring-boot-buildpack-platform-3.3.5.pom (3.2 kB at 6.2 kB/s)
Downloading from central: https://repo.maven.apache.org/maven2/org/springframework/boot/spring-boot-loader-tools/3.3.5/spring-boot-loader-tools-3.3.5.pom
Progress (1): 1.0 kB
Progress (1): 2.2 kB
                    
Downloaded from central: https://repo.maven.apache.org/maven2/org/springframework/boot/spring-boot-loader-tools/3.3.5/spring-boot-loader-tools-3.3.5.pom (2.2 kB at 22 kB/s)
Downloading from central: https://repo.maven.apache.org/maven2/io/micrometer/micrometer-observation/1.12.11/micrometer-observation-1.12.11.pom
Progress (1): 1.1 kB
Progress (1): 3.0 kB
Progress (1): 3.2 kB
Progress (1): 3.9 kB
                    
Downloaded from central: https://repo.maven.apache.org/maven2/io/micrometer/micrometer-observation/1.12.11/micrometer-observation-1.12.11.pom (3.9 kB at 54 kB/s)
Downloading from central: https://repo.maven.apache.org/maven2/io/micrometer/micrometer-commons/1.12.11/micrometer-commons-1.12.11.pom
Progress (1): 1.1 kB
Progress (1): 2.6 kB
Progress (1): 3.4 kB
                    
Downloaded from central: https://repo.maven.apache.org/maven2/io/micrometer/micrometer-commons/1.12.11/micrometer-commons-1.12.11.pom (3.4 kB at 46 kB/s)
Downloading from central: https://repo.maven.apache.org/maven2/org/springframework/boot/spring-boot-buildpack-platform/3.3.5/spring-boot-buildpack-platform-3.3.5.jar
Progress (1): 0.9/289 kB
Progress (1): 2.3/289 kB
Progress (1): 3.6/289 kB
Progress (1): 3.7/289 kB
Progress (1): 5.1/289 kB
Progress (1): 6.5/289 kB
Progress (1): 7.8/289 kB
Progress (1): 9.2/289 kB
Progress (1): 11/289 kB 
Progress (1): 12/289 kB
Progress (1): 13/289 kB
Progress (1): 15/289 kB
Progress (1): 16/289 kB
Progress (1): 17/289 kB
Progress (1): 19/289 kB
Progress (1): 20/289 kB
Progress (1): 22/289 kB
Progress (1): 23/289 kB
Progress (1): 24/289 kB
Progress (1): 26/289 kB
Progress (1): 27/289 kB
Progress (1): 28/289 kB
Progress (1): 30/289 kB
Progress (1): 31/289 kB
Progress (1): 32/289 kB
Progress (1): 34/289 kB
Progress (1): 35/289 kB
Progress (1): 37/289 kB
Progress (1): 38/289 kB
Progress (1): 42/289 kB
Progress (1): 46/289 kB
Progress (1): 51/289 kB
Progress (1): 53/289 kB
Progress (1): 57/289 kB
Progress (1): 61/289 kB
Progress (1): 66/289 kB
Progress (1): 70/289 kB
Progress (1): 74/289 kB
Progress (1): 78/289 kB
Progress (1): 82/289 kB
Progress (1): 87/289 kB
Progress (1): 91/289 kB
Progress (1): 95/289 kB
Progress (1): 99/289 kB
Progress (1): 104/289 kB
Progress (1): 108/289 kB
Progress (1): 112/289 kB
Progress (1): 116/289 kB
Progress (1): 118/289 kB
Progress (1): 123/289 kB
Progress (1): 127/289 kB
Progress (1): 131/289 kB
Progress (1): 135/289 kB
Progress (1): 140/289 kB
Progress (1): 144/289 kB
Progress (1): 148/289 kB
Progress (1): 152/289 kB
Progress (1): 156/289 kB
Progress (1): 161/289 kB
Progress (1): 165/289 kB
Progress (1): 169/289 kB
Progress (1): 173/289 kB
Progress (1): 178/289 kB
Progress (1): 182/289 kB
Progress (1): 186/289 kB
Progress (1): 190/289 kB
Progress (1): 195/289 kB
Progress (1): 199/289 kB
Progress (1): 203/289 kB
Progress (1): 219/289 kB
Progress (1): 236/289 kB
Progress (1): 252/289 kB
Progress (1): 269/289 kB
Progress (1): 285/289 kB
Progress (1): 289 kB    
                    
Downloaded from central: https://repo.maven.apache.org/maven2/org/springframework/boot/spring-boot-buildpack-platform/3.3.5/spring-boot-buildpack-platform-3.3.5.jar (289 kB at 2.3 MB/s)
Downloading from central: https://repo.maven.apache.org/maven2/org/springframework/boot/spring-boot-loader-tools/3.3.5/spring-boot-loader-tools-3.3.5.jar
Downloading from central: https://repo.maven.apache.org/maven2/io/micrometer/micrometer-observation/1.12.11/micrometer-observation-1.12.11.jar
Downloading from central: https://repo.maven.apache.org/maven2/io/micrometer/micrometer-commons/1.12.11/micrometer-commons-1.12.11.jar
Progress (1): 7.7/72 kB
Progress (1): 16/72 kB 
Progress (1): 20/72 kB
Progress (1): 37/72 kB
Progress (1): 53/72 kB
Progress (1): 69/72 kB
Progress (1): 72 kB   
                   
Downloaded from central: https://repo.maven.apache.org/maven2/io/micrometer/micrometer-observation/1.12.11/micrometer-observation-1.12.11.jar (72 kB at 932 kB/s)
Progress (1): 0.9/47 kB
Progress (1): 2.3/47 kB
Progress (1): 3.7/47 kB
Progress (1): 5.0/47 kB
Progress (1): 6.4/47 kB
Progress (1): 7.8/47 kB
Progress (1): 9.1/47 kB
Progress (1): 11/47 kB 
Progress (1): 12/47 kB
Progress (1): 13/47 kB
Progress (1): 15/47 kB
Progress (1): 16/47 kB
Progress (1): 17/47 kB
Progress (1): 19/47 kB
Progress (1): 20/47 kB
Progress (1): 20/47 kB
Progress (1): 22/47 kB
Progress (1): 23/47 kB
Progress (1): 24/47 kB
Progress (1): 26/47 kB
Progress (1): 27/47 kB
Progress (1): 28/47 kB
Progress (1): 30/47 kB
Progress (1): 31/47 kB
Progress (1): 32/47 kB
Progress (1): 34/47 kB
Progress (1): 35/47 kB
Progress (1): 37/47 kB
Progress (1): 38/47 kB
Progress (1): 39/47 kB
Progress (1): 41/47 kB
Progress (1): 42/47 kB
Progress (1): 43/47 kB
Progress (1): 45/47 kB
Progress (1): 46/47 kB
Progress (1): 47 kB   
Progress (2): 47 kB | 0.9/464 kB
Progress (2): 47 kB | 2.3/464 kB
Progress (2): 47 kB | 3.7/464 kB
Progress (2): 47 kB | 5.0/464 kB
Progress (2): 47 kB | 6.4/464 kB
Progress (2): 47 kB | 7.8/464 kB
                                
Downloaded from central: https://repo.maven.apache.org/maven2/io/micrometer/micrometer-commons/1.12.11/micrometer-commons-1.12.11.jar (47 kB at 409 kB/s)
Progress (1): 9.1/464 kB
Progress (1): 11/464 kB 
Progress (1): 12/464 kB
Progress (1): 13/464 kB
Progress (1): 15/464 kB
Progress (1): 16/464 kB
Progress (1): 17/464 kB
Progress (1): 19/464 kB
Progress (1): 20/464 kB
Progress (1): 21/464 kB
Progress (1): 23/464 kB
Progress (1): 24/464 kB
Progress (1): 26/464 kB
Progress (1): 27/464 kB
Progress (1): 28/464 kB
Progress (1): 30/464 kB
Progress (1): 31/464 kB
Progress (1): 32/464 kB
Progress (1): 34/464 kB
Progress (1): 35/464 kB
Progress (1): 37/464 kB
Progress (1): 38/464 kB
Progress (1): 39/464 kB
Progress (1): 41/464 kB
Progress (1): 42/464 kB
Progress (1): 43/464 kB
Progress (1): 45/464 kB
Progress (1): 46/464 kB
Progress (1): 47/464 kB
Progress (1): 49/464 kB
Progress (1): 50/464 kB
Progress (1): 52/464 kB
Progress (1): 53/464 kB
Progress (1): 54/464 kB
Progress (1): 56/464 kB
Progress (1): 60/464 kB
Progress (1): 64/464 kB
Progress (1): 68/464 kB
Progress (1): 73/464 kB
Progress (1): 77/464 kB
Progress (1): 81/464 kB
Progress (1): 85/464 kB
Progress (1): 90/464 kB
Progress (1): 94/464 kB
Progress (1): 98/464 kB
Progress (1): 102/464 kB
Progress (1): 106/464 kB
Progress (1): 111/464 kB
Progress (1): 115/464 kB
Progress (1): 119/464 kB
Progress (1): 123/464 kB
Progress (1): 128/464 kB
Progress (1): 131/464 kB
Progress (1): 135/464 kB
Progress (1): 139/464 kB
Progress (1): 143/464 kB
Progress (1): 147/464 kB
Progress (1): 152/464 kB
Progress (1): 156/464 kB
Progress (1): 160/464 kB
Progress (1): 164/464 kB
Progress (1): 169/464 kB
Progress (1): 173/464 kB
Progress (1): 177/464 kB
Progress (1): 181/464 kB
Progress (1): 185/464 kB
Progress (1): 190/464 kB
Progress (1): 194/464 kB
Progress (1): 198/464 kB
Progress (1): 202/464 kB
Progress (1): 207/464 kB
Progress (1): 211/464 kB
Progress (1): 215/464 kB
Progress (1): 219/464 kB
Progress (1): 224/464 kB
Progress (1): 240/464 kB
Progress (1): 256/464 kB
Progress (1): 273/464 kB
Progress (1): 289/464 kB
Progress (1): 305/464 kB
Progress (1): 312/464 kB
Progress (1): 329/464 kB
Progress (1): 345/464 kB
Progress (1): 361/464 kB
Progress (1): 378/464 kB
Progress (1): 394/464 kB
Progress (1): 411/464 kB
Progress (1): 427/464 kB
Progress (1): 443/464 kB
Progress (1): 459/464 kB
Progress (1): 464 kB    
                    
Downloaded from central: https://repo.maven.apache.org/maven2/org/springframework/boot/spring-boot-loader-tools/3.3.5/spring-boot-loader-tools-3.3.5.jar (464 kB at 2.9 MB/s)
[INFO] Replacing main artifact C:\Embable Luxoft LCE VERY IMPORTANT\embabel-java-greeting-sample\target\embabel-java-greeting-sample-0.0.1-SNAPSHOT.jar with repackaged archive, adding nested dependencies in BOOT-INF/.
[INFO] The original artifact has been renamed to C:\Embable Luxoft LCE VERY IMPORTANT\embabel-java-greeting-sample\target\embabel-java-greeting-sample-0.0.1-SNAPSHOT.jar.original
[INFO] ------------------------------------------------------------------------
[INFO] BUILD SUCCESS
[INFO] ------------------------------------------------------------------------
[INFO] Total time:  15.221 s
[INFO] Finished at: 2025-11-11T19:50:00+01:00
[INFO] ------------------------------------------------------------------------
